<?xml version="1.0" encoding="UTF-8"?>
<!-- Generated by org.testng.reporters.JUnitReportReporter -->
<testsuite hostname="DESKTOP-SVR3PK6" name="TestCases.Magento.Signup" tests="1" failures="0" timestamp="27 May 2016 05:41:14 GMT" time="169.135" errors="0">
  <testcase name="testSignup" time="169.135" classname="TestCases.Magento.Signup"/>
</testsuite> <!-- TestCases.Magento.Signup -->
