<?xml version="1.0" encoding="UTF-8"?>
<!-- Generated by org.testng.reporters.JUnitReportReporter -->
<testsuite hostname="INBLRRZF0028" name="TestCases.CRM.Reactivation" tests="1" failures="0" timestamp="5 Apr 2016 11:53:18 GMT" time="163.491" errors="0">
  <testcase name="testReactivation" time="163.491" classname="TestCases.CRM.Reactivation"/>
</testsuite> <!-- TestCases.CRM.Reactivation -->
