<?xml version="1.0" encoding="UTF-8"?>
<!-- Generated by org.testng.reporters.JUnitReportReporter -->
<testsuite hostname="INBLRRZF0028" name="TestCases.Common.VerifyStaticLinks" tests="1" failures="0" timestamp="23 Mar 2016 06:47:56 GMT" time="362.873" errors="0">
  <testcase name="testVerifyStaticLinks" time="362.873" classname="TestCases.Common.VerifyStaticLinks"/>
</testsuite> <!-- TestCases.Common.VerifyStaticLinks -->
