<?xml version="1.0" encoding="UTF-8"?>
<!-- Generated by org.testng.reporters.JUnitReportReporter -->
<testsuite hostname="INBLRRZF0028" name="TestCases.ERP.CheckDeposit" tests="1" failures="0" timestamp="23 Mar 2016 06:47:56 GMT" time="44.218" errors="0">
  <testcase name="testCheckDeposit" time="44.218" classname="TestCases.ERP.CheckDeposit"/>
</testsuite> <!-- TestCases.ERP.CheckDeposit -->
