<?xml version="1.0" encoding="UTF-8"?>
<!-- Generated by org.testng.reporters.JUnitReportReporter -->
<testsuite hostname="INBLRRZF0028" name="TestCases.SalesRep.SalesSignup" tests="1" failures="0" timestamp="23 Mar 2016 07:26:20 GMT" time="140.580" errors="0">
  <testcase name="testSalesSignup" time="140.580" classname="TestCases.SalesRep.SalesSignup"/>
</testsuite> <!-- TestCases.SalesRep.SalesSignup -->
