<?xml version="1.0" encoding="UTF-8"?>
<!-- Generated by org.testng.reporters.JUnitReportReporter -->
<testsuite hostname="INBLRRZF0028" name="TestCases.CRM.CustomerCredit" tests="1" failures="0" timestamp="23 Mar 2016 06:47:56 GMT" time="102.083" errors="0">
  <testcase name="testCustomerCredit" time="102.083" classname="TestCases.CRM.CustomerCredit"/>
</testsuite> <!-- TestCases.CRM.CustomerCredit -->
