<?xml version="1.0" encoding="UTF-8"?>
<!-- Generated by org.testng.reporters.JUnitReportReporter -->
<testsuite hostname="DS-PC" name="TestCases.Magento.Signup" tests="1" failures="0" timestamp="24 Jun 2016 08:25:28 GMT" time="229.071" errors="0">
  <testcase name="testSignup" time="229.071" classname="TestCases.Magento.Signup"/>
</testsuite> <!-- TestCases.Magento.Signup -->
