<?xml version="1.0" encoding="UTF-8"?>
<!-- Generated by org.testng.reporters.JUnitReportReporter -->
<testsuite hostname="INBLRRZF0028" name="TestCases.CRM.OTPCCDecline" tests="1" failures="0" timestamp="23 Mar 2016 06:47:56 GMT" time="99.504" errors="0">
  <testcase name="testOTPDecline" time="99.504" classname="TestCases.CRM.OTPCCDecline"/>
</testsuite> <!-- TestCases.CRM.OTPCCDecline -->
