<?xml version="1.0" encoding="UTF-8"?>
<!-- Generated by org.testng.reporters.JUnitReportReporter -->
<testsuite hostname="INBLRRZF0028" name="TestCases.CRM.NSFACH" tests="1" failures="0" timestamp="23 Mar 2016 06:47:56 GMT" time="75.290" errors="0">
  <testcase name="testNSFACH" time="75.290" classname="TestCases.CRM.NSFACH"/>
</testsuite> <!-- TestCases.CRM.NSFACH -->
