<?xml version="1.0" encoding="UTF-8"?>
<!-- Generated by org.testng.reporters.JUnitReportReporter -->
<testsuite hostname="INBLRRZF0028" name="TestCases.CRM.AccountCancellation" tests="1" failures="0" timestamp="5 Apr 2016 11:46:03 GMT" time="55.345" errors="0">
  <testcase name="testAccountCancellation" time="55.345" classname="TestCases.CRM.AccountCancellation"/>
</testsuite> <!-- TestCases.CRM.AccountCancellation -->
