<?xml version="1.0" encoding="UTF-8"?>
<!-- Generated by org.testng.reporters.JUnitReportReporter -->
<testsuite hostname="INBLRRZF0028" name="TestCases.CRM.OTPACHSuccess" tests="1" failures="0" timestamp="23 Mar 2016 06:47:56 GMT" time="104.656" errors="0">
  <testcase name="testOTPACHSuccess" time="104.656" classname="TestCases.CRM.OTPACHSuccess"/>
</testsuite> <!-- TestCases.CRM.OTPACHSuccess -->
