<?xml version="1.0" encoding="UTF-8"?>
<!-- Generated by org.testng.reporters.JUnitReportReporter -->
<testsuite hostname="INBLRRZF0028" name="TestCases.CRM.LateCancel" tests="1" failures="0" timestamp="23 Mar 2016 09:23:34 GMT" time="84.984" errors="0">
  <testcase name="testLateCancel" time="84.984" classname="TestCases.CRM.LateCancel"/>
</testsuite> <!-- TestCases.CRM.LateCancel -->
