<?xml version="1.0" encoding="UTF-8"?>
<!-- Generated by org.testng.reporters.JUnitReportReporter -->
<testsuite hostname="INBLRRZF0028" name="TestCases.Magento.DeleteSubscription" tests="1" failures="0" timestamp="23 Mar 2016 06:47:56 GMT" time="131.914" errors="0">
  <testcase name="testDeleteSubscription" time="131.914" classname="TestCases.Magento.DeleteSubscription"/>
</testsuite> <!-- TestCases.Magento.DeleteSubscription -->
