<?xml version="1.0" encoding="UTF-8"?>
<!-- Generated by org.testng.reporters.JUnitReportReporter -->
<testsuite hostname="INBLRRZF0028" name="TestCases.Temp.Demowriteexcel" tests="1" failures="0" timestamp="21 Apr 2016 06:36:17 GMT" time="0.365" errors="0">
  <testcase name="test" time="0.365" classname="TestCases.Temp.Demowriteexcel"/>
</testsuite> <!-- TestCases.Temp.Demowriteexcel -->
