<?xml version="1.0" encoding="UTF-8"?>
<!-- Generated by org.testng.reporters.JUnitReportReporter -->
<testsuite hostname="INBLRRZF0028" name="TestCases.CRM.OTPCCSuccess" tests="1" failures="0" timestamp="23 Mar 2016 06:47:56 GMT" time="77.342" errors="0">
  <testcase name="testOTPSuccess" time="77.342" classname="TestCases.CRM.OTPCCSuccess"/>
</testsuite> <!-- TestCases.CRM.OTPCCSuccess -->
