<?xml version="1.0" encoding="UTF-8"?>
<!-- Generated by org.testng.reporters.JUnitReportReporter -->
<testsuite hostname="INBLRRZF0028" name="TestCases.CRM.OrderLevelCredit" tests="1" failures="0" timestamp="23 Mar 2016 06:47:56 GMT" time="220.837" errors="0">
  <testcase name="testOrderLevelCredit" time="220.837" classname="TestCases.CRM.OrderLevelCredit"/>
</testsuite> <!-- TestCases.CRM.OrderLevelCredit -->
