<?xml version="1.0" encoding="UTF-8"?>
<!-- Generated by org.testng.reporters.JUnitReportReporter -->
<testsuite hostname="INBLRRZF0028" name="TestCases.Magento.UpdateBillingInfo" tests="1" failures="0" timestamp="23 Mar 2016 06:47:56 GMT" time="81.166" errors="0">
  <testcase name="testUpdateBillingInfo" time="81.166" classname="TestCases.Magento.UpdateBillingInfo"/>
</testsuite> <!-- TestCases.Magento.UpdateBillingInfo -->
