<?xml version="1.0" encoding="UTF-8"?>
<!-- Generated by org.testng.reporters.JUnitReportReporter -->
<testsuite hostname="INBLRRZF0028" name="TestCases.CRM.OTPACHDecline" tests="1" failures="0" timestamp="23 Mar 2016 09:38:17 GMT" time="124.091" errors="0">
  <testcase name="testOTPACHDecline" time="124.091" classname="TestCases.CRM.OTPACHDecline"/>
</testsuite> <!-- TestCases.CRM.OTPACHDecline -->
