<?xml version="1.0" encoding="UTF-8"?>
<!-- Generated by org.testng.reporters.JUnitReportReporter -->
<testsuite hostname="INBLRRZF0028" name="TestCases.Magento.Customization" tests="1" failures="0" timestamp="23 Mar 2016 06:47:56 GMT" time="41.106" errors="1">
  <testcase name="testCustomization" time="41.106" classname="TestCases.Magento.Customization">
    <error type="java.lang.RuntimeException" message="org.openqa.selenium.WebDriverException: Element is not clickable at point (564.5, 466). Other element would receive the click: &lt;div style=&quot;position: absolute; top: 0px; left: 0px; width: 1366px; height: 1356px; display: block; opacity: 0.9; z-index: 9998; background-color: rgb(85, 85, 85);&quot; id=&quot;exposeMask&quot;&gt;&lt;/div&gt;
Command duration or timeout: 68 milliseconds
Build info: version: &#039;2.52.0&#039;, revision: &#039;4c2593c&#039;, time: &#039;2016-02-11 19:03:33&#039;
System info: host: &#039;INBLRRZF0028&#039;, ip: &#039;10.132.160.68&#039;, os.name: &#039;Windows 7&#039;, os.arch: &#039;amd64&#039;, os.version: &#039;6.1&#039;, java.version: &#039;1.8.0_51&#039;
Driver info: org.openqa.selenium.firefox.FirefoxDriver
Capabilities [{applicationCacheEnabled=true, rotatable=false, handlesAlerts=true, databaseEnabled=true, version=45.0.1, platform=WINDOWS, nativeEvents=false, acceptSslCerts=true, webStorageEnabled=true, locationContextEnabled=true, browserName=firefox, takesScreenshot=true, javascriptEnabled=true, cssSelectorsEnabled=true}]
Session ID: fb7de66f-71a8-4785-9b7a-192bdcc4ea6c">
      <![CDATA[java.lang.RuntimeException: org.openqa.selenium.WebDriverException: Element is not clickable at point (564.5, 466). Other element would receive the click: <div style="position: absolute; top: 0px; left: 0px; width: 1366px; height: 1356px; display: block; opacity: 0.9; z-index: 9998; background-color: rgb(85, 85, 85);" id="exposeMask"></div>
Command duration or timeout: 68 milliseconds
Build info: version: '2.52.0', revision: '4c2593c', time: '2016-02-11 19:03:33'
System info: host: 'INBLRRZF0028', ip: '10.132.160.68', os.name: 'Windows 7', os.arch: 'amd64', os.version: '6.1', java.version: '1.8.0_51'
Driver info: org.openqa.selenium.firefox.FirefoxDriver
Capabilities [{applicationCacheEnabled=true, rotatable=false, handlesAlerts=true, databaseEnabled=true, version=45.0.1, platform=WINDOWS, nativeEvents=false, acceptSslCerts=true, webStorageEnabled=true, locationContextEnabled=true, browserName=firefox, takesScreenshot=true, javascriptEnabled=true, cssSelectorsEnabled=true}]
Session ID: fb7de66f-71a8-4785-9b7a-192bdcc4ea6c
	at Operation.SeleniumOperation.execute(SeleniumOperation.java:129)
	at TestCases.Magento.Customization.testCustomization(Customization.java:78)
	at sun.reflect.NativeMethodAccessorImpl.invoke0(Native Method)
	at sun.reflect.NativeMethodAccessorImpl.invoke(Unknown Source)
	at sun.reflect.DelegatingMethodAccessorImpl.invoke(Unknown Source)
	at java.lang.reflect.Method.invoke(Unknown Source)
	at org.testng.internal.MethodInvocationHelper.invokeMethod(MethodInvocationHelper.java:85)
	at org.testng.internal.Invoker.invokeMethod(Invoker.java:639)
	at org.testng.internal.Invoker.invokeTestMethod(Invoker.java:816)
	at org.testng.internal.Invoker.invokeTestMethods(Invoker.java:1124)
	at org.testng.internal.TestMethodWorker.invokeTestMethods(TestMethodWorker.java:125)
	at org.testng.internal.TestMethodWorker.run(TestMethodWorker.java:108)
	at org.testng.TestRunner.privateRun(TestRunner.java:774)
	at org.testng.TestRunner.run(TestRunner.java:624)
	at org.testng.SuiteRunner.runTest(SuiteRunner.java:359)
	at org.testng.SuiteRunner.runSequentially(SuiteRunner.java:354)
	at org.testng.SuiteRunner.privateRun(SuiteRunner.java:312)
	at org.testng.SuiteRunner.run(SuiteRunner.java:261)
	at org.testng.SuiteRunnerWorker.runSuite(SuiteRunnerWorker.java:52)
	at org.testng.SuiteRunnerWorker.run(SuiteRunnerWorker.java:86)
	at org.testng.TestNG.runSuitesSequentially(TestNG.java:1215)
	at org.testng.TestNG.runSuitesLocally(TestNG.java:1140)
	at org.testng.TestNG.run(TestNG.java:1048)
	at org.testng.TestNG.privateMain(TestNG.java:1355)
	at org.testng.TestNG.main(TestNG.java:1324)
Caused by: org.openqa.selenium.WebDriverException: Element is not clickable at point (564.5, 466). Other element would receive the click: <div style="position: absolute; top: 0px; left: 0px; width: 1366px; height: 1356px; display: block; opacity: 0.9; z-index: 9998; background-color: rgb(85, 85, 85);" id="exposeMask"></div>
Command duration or timeout: 68 milliseconds
Build info: version: '2.52.0', revision: '4c2593c', time: '2016-02-11 19:03:33'
System info: host: 'INBLRRZF0028', ip: '10.132.160.68', os.name: 'Windows 7', os.arch: 'amd64', os.version: '6.1', java.version: '1.8.0_51'
Driver info: org.openqa.selenium.firefox.FirefoxDriver
Capabilities [{applicationCacheEnabled=true, rotatable=false, handlesAlerts=true, databaseEnabled=true, version=45.0.1, platform=WINDOWS, nativeEvents=false, acceptSslCerts=true, webStorageEnabled=true, locationContextEnabled=true, browserName=firefox, takesScreenshot=true, javascriptEnabled=true, cssSelectorsEnabled=true}]
Session ID: fb7de66f-71a8-4785-9b7a-192bdcc4ea6c
	at sun.reflect.NativeConstructorAccessorImpl.newInstance0(Native Method)
	at sun.reflect.NativeConstructorAccessorImpl.newInstance(Unknown Source)
	at sun.reflect.DelegatingConstructorAccessorImpl.newInstance(Unknown Source)
	at java.lang.reflect.Constructor.newInstance(Unknown Source)
	at org.openqa.selenium.remote.ErrorHandler.createThrowable(ErrorHandler.java:206)
	at org.openqa.selenium.remote.ErrorHandler.throwIfResponseFailed(ErrorHandler.java:158)
	at org.openqa.selenium.remote.RemoteWebDriver.execute(RemoteWebDriver.java:678)
	at org.openqa.selenium.remote.RemoteWebElement.execute(RemoteWebElement.java:327)
	at org.openqa.selenium.remote.RemoteWebElement.click(RemoteWebElement.java:85)
	at Operation.SeleniumOperation.execute(SeleniumOperation.java:52)
	... 24 more
]]>
    </error>
  </testcase> <!-- testCustomization -->
</testsuite> <!-- TestCases.Magento.Customization -->
