<?xml version="1.0" encoding="UTF-8"?>
<!-- Generated by org.testng.reporters.JUnitReportReporter -->
<testsuite hostname="DS-PC" name="TestCases.Magento.Signup" tests="1" failures="0" timestamp="24 Jun 2016 07:57:51 GMT" time="219.796" errors="0">
  <testcase name="testSignup" time="219.796" classname="TestCases.Magento.Signup"/>
</testsuite> <!-- TestCases.Magento.Signup -->
