<?xml version="1.0" encoding="UTF-8"?>
<!-- Generated by org.testng.reporters.JUnitReportReporter -->
<testsuite hostname="INBLRRZF0028" name="TestCases.Common.SendEmail" tests="1" failures="0" timestamp="23 Mar 2016 06:48:10 GMT" time="7.195" errors="0">
  <testcase name="testsendEmail" time="7.195" classname="TestCases.Common.SendEmail"/>
</testsuite> <!-- TestCases.Common.SendEmail -->
