<?xml version="1.0" encoding="UTF-8"?>
<!-- Generated by org.testng.reporters.JUnitReportReporter -->
<testsuite hostname="INBLRRZF0028" name="TestCases.CRM.DonationOneTime" tests="1" failures="0" timestamp="23 Mar 2016 07:12:24 GMT" time="131.283" errors="0">
  <testcase name="testdonateonetime" time="131.283" classname="TestCases.CRM.DonationOneTime"/>
</testsuite> <!-- TestCases.CRM.DonationOneTime -->
