<?xml version="1.0" encoding="UTF-8"?>
<!-- Generated by org.testng.reporters.JUnitReportReporter -->
<testsuite hostname="INBLRRZF0028" name="TestCases.Magento.SignupEmailConfirmationCheck" tests="1" failures="0" timestamp="23 Mar 2016 06:47:56 GMT" time="39.591" errors="0">
  <testcase name="testSignupEmailConfirmationCheck" time="39.591" classname="TestCases.Magento.SignupEmailConfirmationCheck"/>
</testsuite> <!-- TestCases.Magento.SignupEmailConfirmationCheck -->
