<?xml version="1.0" encoding="UTF-8"?>
<!-- Generated by org.testng.reporters.JUnitReportReporter -->
<testsuite hostname="INBLRRZF0028" name="TestCases.CRM.NSFCheck" tests="1" failures="0" timestamp="23 Mar 2016 09:31:45 GMT" time="152.767" errors="0">
  <testcase name="testNSFCheck" time="152.767" classname="TestCases.CRM.NSFCheck"/>
</testsuite> <!-- TestCases.CRM.NSFCheck -->
