<?xml version="1.0" encoding="UTF-8"?>
<!-- Generated by org.testng.reporters.JUnitReportReporter -->
<testsuite hostname="DS-PC" name="TestCases.Magento.Signup" tests="1" failures="0" timestamp="29 Jun 2016 06:13:31 GMT" time="202.896" errors="0">
  <testcase name="testSignup" time="202.896" classname="TestCases.Magento.Signup"/>
</testsuite> <!-- TestCases.Magento.Signup -->
