<?xml version="1.0" encoding="UTF-8"?>
<!-- Generated by org.testng.reporters.JUnitReportReporter -->
<testsuite hostname="INBLRRZF0028" name="TestCases.CRM.CreateTicket" tests="1" failures="0" timestamp="23 Mar 2016 06:47:56 GMT" time="43.287" errors="0">
  <testcase name="testCreateTicket" time="43.287" classname="TestCases.CRM.CreateTicket"/>
</testsuite> <!-- TestCases.CRM.CreateTicket -->
