<?xml version="1.0" encoding="UTF-8"?>
<!-- Generated by org.testng.reporters.JUnitReportReporter -->
<testsuite hostname="INBLRRZF0028" name="TestCases.CRM.GiftCertificateByEmail" tests="1" failures="0" timestamp="23 Mar 2016 07:23:02 GMT" time="166.263" errors="0">
  <testcase name="testGiftCertificateByEmail" time="166.263" classname="TestCases.CRM.GiftCertificateByEmail"/>
</testsuite> <!-- TestCases.CRM.GiftCertificateByEmail -->
