<?xml version="1.0" encoding="UTF-8"?>
<!-- Generated by org.testng.reporters.JUnitReportReporter -->
<testsuite hostname="INBLRRZF0028" name="TestCases.CRM.OrderItemCredit" tests="1" failures="0" timestamp="23 Mar 2016 06:47:56 GMT" time="265.370" errors="0">
  <testcase name="testOrderItemCredit" time="265.370" classname="TestCases.CRM.OrderItemCredit"/>
</testsuite> <!-- TestCases.CRM.OrderItemCredit -->
