<?xml version="1.0" encoding="UTF-8"?>
<!-- Generated by org.testng.reporters.JUnitReportReporter -->
<testsuite hostname="INBLRRZF0028" name="TestCases.Magento.Loginout" tests="1" failures="0" timestamp="23 Mar 2016 06:47:56 GMT" time="61.148" errors="0">
  <testcase name="testLoginout" time="61.148" classname="TestCases.Magento.Loginout"/>
</testsuite> <!-- TestCases.Magento.Loginout -->
