<?xml version="1.0" encoding="UTF-8"?>
<!-- Generated by org.testng.reporters.JUnitReportReporter -->
<testsuite hostname="INBLRRZF0028" name="TestCases.Magento.AddSubscription" tests="1" failures="0" timestamp="23 Mar 2016 06:47:56 GMT" time="101.411" errors="0">
  <testcase name="testAddSubscription" time="101.411" classname="TestCases.Magento.AddSubscription"/>
</testsuite> <!-- TestCases.Magento.AddSubscription -->
