<?xml version="1.0" encoding="UTF-8"?>
<!-- Generated by org.testng.reporters.JUnitReportReporter -->
<testsuite hostname="INBLRRZF0028" name="TestCases.CRM.DeliveryKeyStatus" tests="1" failures="0" timestamp="23 Mar 2016 06:47:56 GMT" time="117.641" errors="0">
  <testcase name="testDeliveryKeyStatus" time="117.641" classname="TestCases.CRM.DeliveryKeyStatus"/>
</testsuite> <!-- TestCases.CRM.DeliveryKeyStatus -->
